C:\Users\Biocomputing/.cache\torch\hub\facebookresearch_dinov2_main\dinov2\layers\swiglu_ffn.py:51: UserWarning: xFormers is not available (SwiGLU)
  warnings.warn("xFormers is not available (SwiGLU)")
C:\Users\Biocomputing/.cache\torch\hub\facebookresearch_dinov2_main\dinov2\layers\attention.py:33: UserWarning: xFormers is not available (Attention)
  warnings.warn("xFormers is not available (Attention)")
C:\Users\Biocomputing/.cache\torch\hub\facebookresearch_dinov2_main\dinov2\layers\block.py:40: UserWarning: xFormers is not available (Block)
  warnings.warn("xFormers is not available (Block)")
[INFO] Device: cuda  n_ch=32  max_sessions=None
[INFO] Subjects (3): [1, 2, 18]
[INFO] Loading DINO for generation eval: dinov2_vits14

=======================================================
  Subject 01  (sessions=8)
  S01  train=864  val=108  test=108
    Ep    TrLoss   ValLoss
    60   0.00417   0.00422
   120   0.00222   0.00169
   180   0.00108   0.00122
   240   0.00063   0.00079
   300   0.00050   0.00072
C:\Users\Biocomputing\anaconda3\envs\eegdiff\Lib\site-packages\torchvision\models\_utils.py:208: UserWarning: The parameter 'pretrained' is deprecated since 0.13 and may be removed in the future, please use 'weights' instead.
  warnings.warn(
C:\Users\Biocomputing\anaconda3\envs\eegdiff\Lib\site-packages\torchvision\models\_utils.py:223: UserWarning: Arguments other than a weight enum or `None` for 'weights' are deprecated since 0.13 and may be removed in the future. The current behavior is equivalent to passing `weights=VGG16_Weights.IMAGENET1K_V1`. You can also use `weights=VGG16_Weights.DEFAULT` to get the most up-to-date weights.
  warnings.warn(msg)
C:\Users\Biocomputing\anaconda3\envs\eegdiff\Lib\site-packages\lpips\lpips.py:107: FutureWarning: You are using `torch.load` with `weights_only=False` (the current default value), which uses the default pickle module implicitly. It is possible to construct malicious pickle data which will execute arbitrary code during unpickling (See https://github.com/pytorch/pytorch/blob/main/SECURITY.md#untrusted-models for more details). In a future release, the default value for `weights_only` will be flipped to `True`. This limits the functions that could be executed during unpickling. Arbitrary objects will no longer be allowed to be loaded via this mode unless they are explicitly allowlisted by the user via `torch.serialization.add_safe_globals`. We recommend you start setting `weights_only=True` for any use case where you don't have full control of the loaded file. Please open an issue on GitHub for any issues related to this experimental feature.
  self.load_state_dict(torch.load(model_path, map_location='cpu'), strict=False)
Setting up [LPIPS] perceptual loss: trunk [vgg], v[0.1], spatial [off]
Loading model from: C:\Users\Biocomputing\anaconda3\envs\eegdiff\Lib\site-packages\lpips\weights\v0.1\vgg.pth
  [Done S01]  best val loss=0.00066  L1=0.83113  SSIM=0.0434  LPIPS=0.7805  DINO@1=0.1019

=======================================================
  Subject 02  (sessions=5)
  S02  train=540  val=63  test=72
    Ep    TrLoss   ValLoss
    60   0.01013   0.00810
   120   0.00249   0.00225
   180   0.00135   0.00152
   240   0.00087   0.00149
   300   0.00081   0.00113
  [Done S02]  best val loss=0.00098  L1=0.83143  SSIM=0.0372  LPIPS=0.7809  DINO@1=0.1250

=======================================================
  Subject 18  (sessions=8)
  S18  train=864  val=108  test=108
    Ep    TrLoss   ValLoss
    60   0.00470   0.00510
   120   0.00149   0.00140
   180   0.00090   0.00126
   240   0.00062   0.00080
   300   0.00050   0.00073
  [Done S18]  best val loss=0.00067  L1=0.83259  SSIM=0.0426  LPIPS=0.7865  DINO@1=0.0833

[INFO] All done. Results: ./checkpoints_vsre_gen\20260416_124038_ch32_merged_ep300
[INFO] CSV: ./checkpoints_vsre_gen\20260416_124038_ch32_merged_ep300\results_gen.csv
