C:\Users\Biocomputing/.cache\torch\hub\facebookresearch_dinov2_main\dinov2\layers\swiglu_ffn.py:51: UserWarning: xFormers is not available (SwiGLU)
  warnings.warn("xFormers is not available (SwiGLU)")
C:\Users\Biocomputing/.cache\torch\hub\facebookresearch_dinov2_main\dinov2\layers\attention.py:33: UserWarning: xFormers is not available (Attention)
  warnings.warn("xFormers is not available (Attention)")
C:\Users\Biocomputing/.cache\torch\hub\facebookresearch_dinov2_main\dinov2\layers\block.py:40: UserWarning: xFormers is not available (Block)
  warnings.warn("xFormers is not available (Block)")
[INFO] Device: cuda  n_ch=32  max_sessions=None
[INFO] Subjects (3): [1, 2, 18]
[INFO] Session counts: {1: 8, 2: 5, 18: 8}
[INFO] Loading DINO: dinov2_vits14
  proto_dino: torch.Size([9, 384])

=======================================================
  Subject 01  (sessions=8)
  S01  train=864  val=108  test=108
    Ep     Loss   ValT1   ValT3   ValT5    temp
    40   7.2997  0.1111  0.3333  0.5556   0.103
    80   7.2951  0.1111  0.3333  0.5556   0.103
   120   7.2932  0.1111  0.3333  0.5556   0.103
   160   7.2944  0.1111  0.3241  0.5556   0.103
   200   7.2955  0.1111  0.3333  0.5556   0.103
  [Test S01]  Top-1=0.2778  Top-3=0.5741  Top-5=0.7685  (random=0.1111)

=======================================================
  Subject 02  (sessions=5)
  S02  train=540  val=63  test=72
    Ep     Loss   ValT1   ValT3   ValT5    temp
    40   5.9096  0.1905  0.5397  0.8254   0.105
    80   5.4692  0.1905  0.5397  0.7619   0.106
   120   4.4475  0.1905  0.5397  0.7778   0.090
   160   3.3383  0.1905  0.5079  0.7937   0.077
   200   3.2689  0.1746  0.5397  0.7937   0.075
  [Test S02]  Top-1=0.1667  Top-3=0.4861  Top-5=0.6667  (random=0.1111)

=======================================================
  Subject 18  (sessions=8)
  S18  train=864  val=108  test=108
    Ep     Loss   ValT1   ValT3   ValT5    temp
    40   5.3815  0.2130  0.5648  0.7593   0.102
    80   4.3466  0.1852  0.4722  0.7222   0.098
   120   0.3791  0.2593  0.5370  0.7685   0.074
   160  -3.8691  0.1759  0.5000  0.7685   0.061
   200  -3.3726  0.1852  0.4630  0.7037   0.060
  [Test S18]  Top-1=0.2407  Top-3=0.5463  Top-5=0.7222  (random=0.1111)

=======================================================
  Summary  [merged, ch=32]
   Subj    Top-1    Top-3    Top-5
  --------------------------------
  S01     0.2778   0.5741   0.7685
  S02     0.1667   0.4861   0.6667
  S18     0.2407   0.5463   0.7222
  --------------------------------
  Mean    0.2284   0.5355   0.7191
  Random  0.1111

[INFO] Saved: ./checkpoints_vsre_dino\20260422_213157_ch32_merged_ep200
