C:\Users\Biocomputing/.cache\torch\hub\facebookresearch_dinov2_main\dinov2\layers\swiglu_ffn.py:51: UserWarning: xFormers is not available (SwiGLU)
  warnings.warn("xFormers is not available (SwiGLU)")
C:\Users\Biocomputing/.cache\torch\hub\facebookresearch_dinov2_main\dinov2\layers\attention.py:33: UserWarning: xFormers is not available (Attention)
  warnings.warn("xFormers is not available (Attention)")
C:\Users\Biocomputing/.cache\torch\hub\facebookresearch_dinov2_main\dinov2\layers\block.py:40: UserWarning: xFormers is not available (Block)
  warnings.warn("xFormers is not available (Block)")
[INFO] Device: cuda  n_ch=32  max_sessions=None
[INFO] Subjects (3): [1, 2, 18]
[INFO] Session counts: {1: 8, 2: 5, 18: 8}
[INFO] Loading DINO: dinov2_vits14
  proto_dino: torch.Size([9, 384])

=======================================================
  Subject 01  (sessions=8)
  S01  train=864  val=108  test=108
    Ep     Loss   ValT1   ValT3   ValT5    temp
    40   7.5520  0.1111  0.3333  0.5185   0.103
    80   7.2950  0.1111  0.3333  0.5556   0.104
   120   7.2929  0.1111  0.3333  0.5556   0.104
   160   7.2944  0.1204  0.3333  0.5556   0.104
   200   7.2956  0.1111  0.3333  0.5463   0.104
  [Test S01]  Top-1=0.3611  Top-3=0.6019  Top-5=0.8056  (random=0.1111)

=======================================================
  Subject 02  (sessions=5)
  S02  train=540  val=63  test=72
    Ep     Loss   ValT1   ValT3   ValT5    temp
    40   5.8047  0.1905  0.5079  0.7937   0.103
    80   6.4599  0.2540  0.6984  0.8889   0.106
   120   6.0378  0.2698  0.6032  0.8095   0.108
   160   5.4789  0.2381  0.5873  0.7619   0.103
   200   5.0152  0.2222  0.5556  0.7619   0.099
  [Test S02]  Top-1=0.2083  Top-3=0.5278  Top-5=0.7083  (random=0.1111)

=======================================================
  Subject 18  (sessions=8)
  S18  train=864  val=108  test=108
    Ep     Loss   ValT1   ValT3   ValT5    temp
    40   5.3351  0.2407  0.5000  0.8056   0.102
    80   4.1697  0.2315  0.5185  0.7315   0.094
   120   0.6220  0.2407  0.5370  0.7407   0.068
   160  -4.6573  0.2593  0.5833  0.7778   0.058
   200  -3.9668  0.3056  0.5556  0.7407   0.056
  [Test S18]  Top-1=0.2778  Top-3=0.5648  Top-5=0.8056  (random=0.1111)

=======================================================
  Summary  [merged, ch=32]
   Subj    Top-1    Top-3    Top-5
  --------------------------------
  S01     0.3611   0.6019   0.8056
  S02     0.2083   0.5278   0.7083
  S18     0.2778   0.5648   0.8056
  --------------------------------
  Mean    0.2824   0.5648   0.7731
  Random  0.1111

[INFO] Saved: ./checkpoints_vsre_dino\20260427_095215_ch32_merged_ep200
