C:\Users\Biocomputing/.cache\torch\hub\facebookresearch_dinov2_main\dinov2\layers\swiglu_ffn.py:51: UserWarning: xFormers is not available (SwiGLU)
  warnings.warn("xFormers is not available (SwiGLU)")
C:\Users\Biocomputing/.cache\torch\hub\facebookresearch_dinov2_main\dinov2\layers\attention.py:33: UserWarning: xFormers is not available (Attention)
  warnings.warn("xFormers is not available (Attention)")
C:\Users\Biocomputing/.cache\torch\hub\facebookresearch_dinov2_main\dinov2\layers\block.py:40: UserWarning: xFormers is not available (Block)
  warnings.warn("xFormers is not available (Block)")
[INFO] Device: cuda  n_ch=32  max_sessions=None  loss_type=supcon
[INFO] Subjects (3): [2, 19, 28]
[INFO] Session counts: {2: 9, 19: 2, 28: 6}
[INFO] Loading DINO: dinov2_vits14
  proto_dino: torch.Size([9, 384])

=======================================================
  Subject 02  (sessions=9)
  [dataset] S02  trials=1161  eff_sessions=9
  S02  train=927  val=108  test=126
    Ep     Loss   ValT1   ValT3   ValT5    temp
    40   4.0027  0.2407  0.5000  0.6944   0.100
    80   3.2622  0.2407  0.5278  0.6852   0.100
   120   3.1917  0.2963  0.5370  0.7870   0.100
   160   2.9385  0.3056  0.5648  0.7407   0.100
   200   2.9039  0.3148  0.6019  0.7778   0.100
  [Test S02]  Top-1=0.3492  Top-3=0.5794  Top-5=0.8016  (random=0.1111)

=======================================================
  Subject 19  (sessions=2)
  [dataset] S19  trials=189  eff_sessions=2
  S19  train=144  val=18  test=27
    Ep     Loss   ValT1   ValT3   ValT5    temp
    40   4.5826  0.2222  0.2222  0.3333   0.100
    80   4.0773  0.1667  0.2778  0.5556   0.100
   120   3.3179  0.0556  0.2222  0.5000   0.100
   160   3.2093  0.0000  0.2778  0.4444   0.100
   200   3.1320  0.0000  0.1667  0.5000   0.100
  [Test S19]  Top-1=0.0370  Top-3=0.2963  Top-5=0.5185  (random=0.1111)

=======================================================
  Subject 28  (sessions=6)
  [dataset] S28  trials=783  eff_sessions=6
  S28  train=621  val=72  test=90
    Ep     Loss   ValT1   ValT3   ValT5    temp
    40   4.7813  0.2917  0.6250  0.7917   0.100
    80   4.0221  0.3194  0.5833  0.8889   0.100
   120   3.5744  0.2500  0.6528  0.8472   0.100
