C:\Users\Biocomputing/.cache\torch\hub\facebookresearch_dinov2_main\dinov2\layers\swiglu_ffn.py:51: UserWarning: xFormers is not available (SwiGLU)
  warnings.warn("xFormers is not available (SwiGLU)")
C:\Users\Biocomputing/.cache\torch\hub\facebookresearch_dinov2_main\dinov2\layers\attention.py:33: UserWarning: xFormers is not available (Attention)
  warnings.warn("xFormers is not available (Attention)")
C:\Users\Biocomputing/.cache\torch\hub\facebookresearch_dinov2_main\dinov2\layers\block.py:40: UserWarning: xFormers is not available (Block)
  warnings.warn("xFormers is not available (Block)")
[INFO] Device: cuda  n_ch=32  max_sessions=None  loss_type=supcon
[INFO] Subjects (21): [1, 2, 3, 4, 5, 6, 8, 9, 10, 11, 16, 18, 19, 20, 21, 22, 23, 24, 28, 29, 35]
[INFO] Session counts: {1: 10, 2: 9, 3: 1, 4: 2, 5: 1, 6: 1, 8: 1, 9: 4, 10: 2, 11: 1, 16: 2, 18: 8, 19: 2, 20: 1, 21: 1, 22: 1, 23: 1, 24: 10, 28: 6, 29: 5, 35: 2}
[INFO] Loading DINO: dinov2_vits14
  proto_dino: torch.Size([9, 384])

=======================================================
  Subject 01  (sessions=10)
  [dataset] SKIP S01 sess9: anomalous n_rep=108 (expected <=20), shape=(108, 3, 9, 4096, 40)
  [dataset] S01  trials=1215  eff_sessions=9
  [dataset] SKIP S01 sess9: anomalous n_rep=108 (expected <=20), shape=(108, 3, 9, 4096, 40)
  [dataset] SKIP S01 sess9: anomalous n_rep=108 (expected <=20), shape=(108, 3, 9, 4096, 40)
  S01  train=972  val=117  test=126
    Ep     Loss   ValT1   ValT3   ValT5    temp
    40   3.7165  0.3675  0.7265  0.9145   0.100
    80   3.1820  0.4017  0.6581  0.8205   0.100
   120   2.9987  0.4103  0.6325  0.7863   0.100
   160   2.7829  0.4017  0.6752  0.7778   0.100
   200   2.7388  0.3590  0.6496  0.8034   0.100
  [Test S01]  Top-1=0.3968  Top-3=0.7063  Top-5=0.8016  (random=0.1111)

=======================================================
  Subject 02  (sessions=9)
  [dataset] S02  trials=1161  eff_sessions=9
  S02  train=927  val=108  test=126
    Ep     Loss   ValT1   ValT3   ValT5    temp
    40   4.3938  0.2315  0.5463  0.7130   0.100
    80   3.5671  0.2037  0.4722  0.6667   0.100
   120   3.2837  0.2778  0.5833  0.7315   0.100
   160   2.9941  0.3148  0.6204  0.7870   0.100
   200   2.9303  0.3241  0.6389  0.7778   0.100
  [Test S02]  Top-1=0.3016  Top-3=0.6190  Top-5=0.7540  (random=0.1111)

=======================================================
  Subject 03  (sessions=1)
  [dataset] S03  trials=135  eff_sessions=1
  S03  train=108  val=9  test=18
    Ep     Loss   ValT1   ValT3   ValT5    temp
    40   4.2954  0.0000  0.4444  0.6667   0.100
    80   2.9922  0.1111  0.5556  0.5556   0.100
   120   2.7741  0.1111  0.3333  0.6667   0.100
   160   2.5817  0.1111  0.5556  0.6667   0.100
   200   2.6495  0.1111  0.5556  0.7778   0.100
  [Test S03]  Top-1=0.1111  Top-3=0.2778  Top-5=0.5000  (random=0.1111)

=======================================================
  Subject 04  (sessions=2)
  [dataset] S04  trials=270  eff_sessions=2
  S04  train=216  val=27  test=27
    Ep     Loss   ValT1   ValT3   ValT5    temp
    40   3.8283  0.2963  0.4074  0.6667   0.100
    80   3.0350  0.1111  0.2222  0.4444   0.100
   120   2.8948  0.0741  0.2593  0.5185   0.100
   160   2.9033  0.1852  0.3704  0.5185   0.100
   200   2.6352  0.1852  0.4074  0.5185   0.100
  [Test S04]  Top-1=0.0741  Top-3=0.3333  Top-5=0.6296  (random=0.1111)

=======================================================
  Subject 05  (sessions=1)
  [dataset] S05  trials=135  eff_sessions=1
  S05  train=108  val=9  test=18
    Ep     Loss   ValT1   ValT3   ValT5    temp
    40   5.4336  0.1111  0.3333  0.5556   0.100
    80   5.4265  0.1111  0.3333  0.5556   0.100
   120   5.3992  0.1111  0.3333  0.5556   0.100
   160   5.3955  0.1111  0.3333  0.5556   0.100
   200   5.4012  0.1111  0.3333  0.5556   0.100
  [Test S05]  Top-1=0.1111  Top-3=0.3333  Top-5=0.5556  (random=0.1111)

=======================================================
  Subject 06  (sessions=1)
  [dataset] S06  trials=135  eff_sessions=1
  S06  train=108  val=9  test=18
    Ep     Loss   ValT1   ValT3   ValT5    temp
    40   5.4297  0.1111  0.3333  0.5556   0.100
    80   5.1262  0.0000  0.1111  0.5556   0.100
   120   4.6410  0.0000  0.2222  0.4444   0.100
   160   4.4023  0.0000  0.1111  0.4444   0.100
   200   4.3985  0.0000  0.1111  0.3333   0.100
  [Test S06]  Top-1=0.0556  Top-3=0.2778  Top-5=0.5556  (random=0.1111)

=======================================================
  Subject 08  (sessions=1)
  [dataset] S08  trials=81  eff_sessions=1
  S08  train=63  val=0  test=18
    Ep     Loss   ValT1   ValT3   ValT5    temp
    40   5.5405  0.0000  0.0000  0.0000   0.100
    80   4.6812  0.0000  0.0000  0.0000   0.100
   120   3.9693  0.0000  0.0000  0.0000   0.100
   160   3.5852  0.0000  0.0000  0.0000   0.100
   200   3.4967  0.0000  0.0000  0.0000   0.100
  [Test S08]  Top-1=0.0556  Top-3=0.2778  Top-5=0.6111  (random=0.1111)

=======================================================
  Subject 09  (sessions=4)
  [dataset] S09  trials=513  eff_sessions=4
  S09  train=405  val=45  test=63
    Ep     Loss   ValT1   ValT3   ValT5    temp
    40   5.5257  0.0889  0.3333  0.6222   0.100
    80   5.5479  0.1111  0.3333  0.5556   0.100
   120   5.5277  0.1111  0.3333  0.5556   0.100
   160   5.5162  0.1111  0.3333  0.5556   0.100
   200   5.5259  0.1111  0.3333  0.5556   0.100
  [Test S09]  Top-1=0.1429  Top-3=0.3968  Top-5=0.6190  (random=0.1111)

=======================================================
  Subject 10  (sessions=2)
  [dataset] S10  trials=270  eff_sessions=2
  S10  train=216  val=27  test=27
    Ep     Loss   ValT1   ValT3   ValT5    temp
    40   4.1415  0.0741  0.2963  0.5926   0.100
    80   3.1050  0.1111  0.2963  0.4444   0.100
   120   2.8832  0.2222  0.4815  0.5926   0.100
   160   2.7205  0.1481  0.3333  0.6296   0.100
   200   2.6346  0.1481  0.4074  0.6667   0.100
  [Test S10]  Top-1=0.1481  Top-3=0.4815  Top-5=0.6296  (random=0.1111)

=======================================================
  Subject 11  (sessions=1)
  [dataset] S11  trials=135  eff_sessions=1
  S11  train=108  val=9  test=18
    Ep     Loss   ValT1   ValT3   ValT5    temp
    40   4.6629  0.1111  0.3333  0.5556   0.100
    80   3.7422  0.3333  0.4444  0.6667   0.100
   120   2.9311  0.3333  0.4444  0.4444   0.100
   160   2.6654  0.2222  0.3333  0.4444   0.100
   200   2.6377  0.2222  0.3333  0.4444   0.100
  [Test S11]  Top-1=0.4444  Top-3=0.6667  Top-5=0.8333  (random=0.1111)

=======================================================
  Subject 16  (sessions=2)
  [dataset] S16  trials=243  eff_sessions=2
  S16  train=189  val=18  test=36
    Ep     Loss   ValT1   ValT3   ValT5    temp
    40   4.0852  0.1667  0.4444  0.6111   0.100
    80   3.6111  0.3889  0.6111  0.7222   0.100
   120   2.8547  0.4444  0.6667  0.7222   0.100
   160   2.7354  0.2222  0.6111  0.7778   0.100
   200   2.7130  0.4444  0.6667  0.7778   0.100
  [Test S16]  Top-1=0.3056  Top-3=0.6944  Top-5=0.7500  (random=0.1111)

=======================================================
  Subject 18  (sessions=8)
  [dataset] S18  trials=1080  eff_sessions=8
  S18  train=864  val=108  test=108
    Ep     Loss   ValT1   ValT3   ValT5    temp
    40   3.6602  0.3148  0.6111  0.7778   0.100
    80   3.2649  0.2778  0.6667  0.8426   0.100
   120   2.8585  0.2593  0.6204  0.8148   0.100
   160   2.6688  0.3148  0.6111  0.7870   0.100
   200   2.6385  0.2778  0.6481  0.8241   0.100
  [Test S18]  Top-1=0.3148  Top-3=0.6296  Top-5=0.7593  (random=0.1111)

=======================================================
  Subject 19  (sessions=2)
  [dataset] S19  trials=189  eff_sessions=2
  S19  train=144  val=18  test=27
    Ep     Loss   ValT1   ValT3   ValT5    temp
    40   5.1960  0.1667  0.2778  0.5000   0.100
    80   4.4387  0.0556  0.1667  0.5556   0.100
   120   4.1635  0.0556  0.2222  0.3333   0.100
   160   3.6685  0.0556  0.2778  0.3889   0.100
   200   3.3752  0.1111  0.2222  0.4444   0.100
  [Test S19]  Top-1=0.1481  Top-3=0.2963  Top-5=0.5556  (random=0.1111)

=======================================================
  Subject 20  (sessions=1)
  [dataset] S20  trials=135  eff_sessions=1
  S20  train=108  val=9  test=18
    Ep     Loss   ValT1   ValT3   ValT5    temp
    40   4.6312  0.0000  0.2222  0.4444   0.100
    80   3.2242  0.0000  0.3333  0.5556   0.100
   120   2.7312  0.0000  0.4444  0.5556   0.100
   160   2.5931  0.0000  0.1111  0.4444   0.100
   200   2.5682  0.0000  0.2222  0.4444   0.100
  [Test S20]  Top-1=0.2222  Top-3=0.3889  Top-5=0.6111  (random=0.1111)

=======================================================
  Subject 21  (sessions=1)
  [dataset] S21  trials=135  eff_sessions=1
  S21  train=108  val=9  test=18
    Ep     Loss   ValT1   ValT3   ValT5    temp
    40   4.5462  0.2222  0.4444  0.4444   0.100
    80   3.2447  0.1111  0.6667  0.7778   0.100
   120   2.7177  0.3333  0.5556  0.6667   0.100
   160   2.5895  0.4444  0.7778  0.7778   0.100
   200   2.5654  0.2222  0.7778  0.7778   0.100
  [Test S21]  Top-1=0.1667  Top-3=0.4444  Top-5=0.7778  (random=0.1111)

=======================================================
  Subject 22  (sessions=1)
  [dataset] S22  trials=135  eff_sessions=1
  S22  train=108  val=9  test=18
    Ep     Loss   ValT1   ValT3   ValT5    temp
    40   5.3448  0.3333  0.4444  0.6667   0.100
    80   4.7663  0.0000  0.3333  0.3333   0.100
   120   4.0498  0.0000  0.3333  0.6667   0.100
   160   3.7359  0.0000  0.2222  0.6667   0.100
   200   3.7302  0.0000  0.2222  0.5556   0.100
  [Test S22]  Top-1=0.1667  Top-3=0.3333  Top-5=0.5000  (random=0.1111)

=======================================================
  Subject 23  (sessions=1)
  [dataset] S23  trials=135  eff_sessions=1
  S23  train=108  val=9  test=18
    Ep     Loss   ValT1   ValT3   ValT5    temp
    40   4.6760  0.2222  0.6667  0.7778   0.100
    80   3.4204  0.0000  0.2222  0.4444   0.100
   120   2.7093  0.1111  0.3333  0.6667   0.100
   160   2.5951  0.0000  0.3333  0.7778   0.100
   200   2.5816  0.0000  0.2222  0.5556   0.100
  [Test S23]  Top-1=0.0000  Top-3=0.2222  Top-5=0.4444  (random=0.1111)

=======================================================
  Subject 24  (sessions=10)
  [dataset] S24  trials=1350  eff_sessions=10
  S24  train=1080  val=135  test=135
    Ep     Loss   ValT1   ValT3   ValT5    temp
    40   4.0163  0.2519  0.5481  0.7852   0.100
    80   3.2086  0.2963  0.5185  0.7333   0.100
   120   3.1016  0.2370  0.4963  0.6963   0.100
   160   2.7427  0.2519  0.5778  0.7185   0.100
   200   2.7417  0.2370  0.5852  0.7259   0.100
  [Test S24]  Top-1=0.3259  Top-3=0.6296  Top-5=0.7259  (random=0.1111)

=======================================================
  Subject 28  (sessions=6)
  [dataset] S28  trials=783  eff_sessions=6
  S28  train=621  val=72  test=90
    Ep     Loss   ValT1   ValT3   ValT5    temp
    40   4.3867  0.2500  0.6389  0.8889   0.100
    80   3.5695  0.3194  0.6389  0.7778   0.100
   120   3.3969  0.3333  0.5972  0.7778   0.100
   160   3.0746  0.3194  0.6667  0.7639   0.100
   200   3.0771  0.3333  0.6111  0.8194   0.100
  [Test S28]  Top-1=0.3000  Top-3=0.6111  Top-5=0.7778  (random=0.1111)

=======================================================
  Subject 29  (sessions=5)
  [dataset] S29  trials=675  eff_sessions=5
  S29  train=540  val=63  test=72
    Ep     Loss   ValT1   ValT3   ValT5    temp
    40   3.9996  0.2063  0.5873  0.8095   0.100
    80   2.9864  0.2698  0.5238  0.7302   0.100
   120   2.7117  0.2063  0.5873  0.8254   0.100
   160   2.7172  0.2222  0.5714  0.7302   0.100
   200   2.7685  0.2698  0.5556  0.7302   0.100
  [Test S29]  Top-1=0.2361  Top-3=0.5417  Top-5=0.6944  (random=0.1111)

=======================================================
  Subject 35  (sessions=2)
  [dataset] S35  trials=297  eff_sessions=2
  S35  train=234  val=27  test=36
    Ep     Loss   ValT1   ValT3   ValT5    temp
    40   4.9347  0.1852  0.3333  0.6667   0.100
    80   3.9007  0.1111  0.4444  0.6296   0.100
   120   3.7747  0.1481  0.2963  0.6667   0.100
   160   3.6024  0.1111  0.3704  0.7037   0.100
   200   3.4581  0.1852  0.4074  0.6667   0.100
  [Test S35]  Top-1=0.1944  Top-3=0.4722  Top-5=0.6111  (random=0.1111)

=======================================================
  Summary  [merged, ch=32]
   Subj    Top-1    Top-3    Top-5
  --------------------------------
  S01     0.3968   0.7063   0.8016
  S02     0.3016   0.6190   0.7540
  S03     0.1111   0.2778   0.5000
  S04     0.0741   0.3333   0.6296
  S05     0.1111   0.3333   0.5556
  S06     0.0556   0.2778   0.5556
  S08     0.0556   0.2778   0.6111
  S09     0.1429   0.3968   0.6190
  S10     0.1481   0.4815   0.6296
  S11     0.4444   0.6667   0.8333
  S16     0.3056   0.6944   0.7500
  S18     0.3148   0.6296   0.7593
  S19     0.1481   0.2963   0.5556
  S20     0.2222   0.3889   0.6111
  S21     0.1667   0.4444   0.7778
  S22     0.1667   0.3333   0.5000
  S23     0.0000   0.2222   0.4444
  S24     0.3259   0.6296   0.7259
  S28     0.3000   0.6111   0.7778
  S29     0.2361   0.5417   0.6944
  S35     0.1944   0.4722   0.6111
  --------------------------------
  Mean    0.2010   0.4588   0.6522
  Random  0.1111

[INFO] Saved: ./checkpoints_vsre_dino\20260604_091352_ch32_merged_ep200_supcon
