[INFO] Device: cuda  VI latent generation (SD VAE + CA)
[INFO] Loading SD VAE...
[INFO] Loading DINO...
C:\Users\Biocomputing/.cache/torch/hub\facebookresearch_dinov2_main\dinov2\layers\swiglu_ffn.py:51: UserWarning: xFormers is not available (SwiGLU)
  warnings.warn("xFormers is not available (SwiGLU)")
C:\Users\Biocomputing/.cache/torch/hub\facebookresearch_dinov2_main\dinov2\layers\attention.py:33: UserWarning: xFormers is not available (Attention)
  warnings.warn("xFormers is not available (Attention)")
C:\Users\Biocomputing/.cache/torch/hub\facebookresearch_dinov2_main\dinov2\layers\block.py:40: UserWarning: xFormers is not available (Block)
  warnings.warn("xFormers is not available (Block)")

--- S18 mode=C0 ---
  VI n_time=512  train=432 val=54 test=54
    Ep    TrLoss   ValLoss
     20  0.18044  0.16087
     40  0.07595  0.08392
     60  0.05113  0.05390
     80  0.03420  0.02676
    100  0.04244  0.05685
  [Done S18 C0]  DINO@1=0.1111 @3=0.3333 @5=0.5185  entropy=0.432  dominant=90.7%  best_ep=99

--- S18 mode=C1 ---
  VI n_time=512  train=432 val=54 test=54
Traceback (most recent call last):
  File "C:\Users\Biocomputing\Desktop\workspace_VIVS\test_diffusion_model\train_vi_latent_gen.py", line 300, in <module>
    main()
  File "C:\Users\Biocomputing\Desktop\workspace_VIVS\test_diffusion_model\train_vi_latent_gen.py", line 283, in main
    r = train_vi_mode(mode, sid, args, vae, dino, proto_dino, dino_feat_dim,
        ^^^^^^^^^^^^^^^^^^^^^^^^^^^^^^^^^^^^^^^^^^^^^^^^^^^^^^^^^^^^^^^^^^^^
  File "C:\Users\Biocomputing\Desktop\workspace_VIVS\test_diffusion_model\train_vi_latent_gen.py", line 128, in train_vi_mode
    ok = load_supcon_encoder(eeg_enc, vs_ckpt_dir, sid, device)
         ^^^^^^^^^^^^^^^^^^^^^^^^^^^^^^^^^^^^^^^^^^^^^^^^^^^^^^
  File "C:\Users\Biocomputing\Desktop\workspace_VIVS\test_diffusion_model\train_vs_re_latent_gen.py", line 314, in load_supcon_encoder
    encoder.load_state_dict(ckpt.get("model", ckpt), strict=True)
  File "C:\Users\Biocomputing\anaconda3\envs\eegdiff\Lib\site-packages\torch\nn\modules\module.py", line 2584, in load_state_dict
    raise RuntimeError(
RuntimeError: Error(s) in loading state_dict for EEGDINORegressor:
	Missing key(s) in state_dict: "log_temp", "eeg_encoder.channel_gate.gate", "eeg_encoder.stem.branches.0.0.weight", "eeg_encoder.stem.branches.0.1.weight", "eeg_encoder.stem.branches.0.2.weight", "eeg_encoder.stem.branches.0.2.bias", "eeg_encoder.stem.branches.1.0.weight", "eeg_encoder.stem.branches.1.1.weight", "eeg_encoder.stem.branches.1.2.weight", "eeg_encoder.stem.branches.1.2.bias", "eeg_encoder.stem.branches.2.0.weight", "eeg_encoder.stem.branches.2.1.weight", "eeg_encoder.stem.branches.2.2.weight", "eeg_encoder.stem.branches.2.2.bias", "eeg_encoder.proj.0.weight", "eeg_encoder.proj.1.weight", "eeg_encoder.proj.1.bias", "eeg_encoder.transformer.layers.0.self_attn.in_proj_weight", "eeg_encoder.transformer.layers.0.self_attn.in_proj_bias", "eeg_encoder.transformer.layers.0.self_attn.out_proj.weight", "eeg_encoder.transformer.layers.0.self_attn.out_proj.bias", "eeg_encoder.transformer.layers.0.linear1.weight", "eeg_encoder.transformer.layers.0.linear1.bias", "eeg_encoder.transformer.layers.0.linear2.weight", "eeg_encoder.transformer.layers.0.linear2.bias", "eeg_encoder.transformer.layers.0.norm1.weight", "eeg_encoder.transformer.layers.0.norm1.bias", "eeg_encoder.transformer.layers.0.norm2.weight", "eeg_encoder.transformer.layers.0.norm2.bias", "eeg_encoder.transformer.layers.1.self_attn.in_proj_weight", "eeg_encoder.transformer.layers.1.self_attn.in_proj_bias", "eeg_encoder.transformer.layers.1.self_attn.out_proj.weight", "eeg_encoder.transformer.layers.1.self_attn.out_proj.bias", "eeg_encoder.transformer.layers.1.linear1.weight", "eeg_encoder.transformer.layers.1.linear1.bias", "eeg_encoder.transformer.layers.1.linear2.weight", "eeg_encoder.transformer.layers.1.linear2.bias", "eeg_encoder.transformer.layers.1.norm1.weight", "eeg_encoder.transformer.layers.1.norm1.bias", "eeg_encoder.transformer.layers.1.norm2.weight", "eeg_encoder.transformer.layers.1.norm2.bias", "eeg_encoder.transformer.layers.2.self_attn.in_proj_weight", "eeg_encoder.transformer.layers.2.self_attn.in_proj_bias", "eeg_encoder.transformer.layers.2.self_attn.out_proj.weight", "eeg_encoder.transformer.layers.2.self_attn.out_proj.bias", "eeg_encoder.transformer.layers.2.linear1.weight", "eeg_encoder.transformer.layers.2.linear1.bias", "eeg_encoder.transformer.layers.2.linear2.weight", "eeg_encoder.transformer.layers.2.linear2.bias", "eeg_encoder.transformer.layers.2.norm1.weight", "eeg_encoder.transformer.layers.2.norm1.bias", "eeg_encoder.transformer.layers.2.norm2.weight", "eeg_encoder.transformer.layers.2.norm2.bias", "eeg_encoder.transformer.layers.3.self_attn.in_proj_weight", "eeg_encoder.transformer.layers.3.self_attn.in_proj_bias", "eeg_encoder.transformer.layers.3.self_attn.out_proj.weight", "eeg_encoder.transformer.layers.3.self_attn.out_proj.bias", "eeg_encoder.transformer.layers.3.linear1.weight", "eeg_encoder.transformer.layers.3.linear1.bias", "eeg_encoder.transformer.layers.3.linear2.weight", "eeg_encoder.transformer.layers.3.linear2.bias", "eeg_encoder.transformer.layers.3.norm1.weight", "eeg_encoder.transformer.layers.3.norm1.bias", "eeg_encoder.transformer.layers.3.norm2.weight", "eeg_encoder.transformer.layers.3.norm2.bias", "eeg_encoder.fc.0.weight", "eeg_encoder.fc.0.bias", "eeg_encoder.fc.1.weight", "eeg_encoder.fc.1.bias", "eeg_encoder.fc.3.weight", "eeg_encoder.fc.3.bias", "subject_emb.weight", "fusion_mlp.0.weight", "fusion_mlp.0.bias", "fusion_mlp.1.weight", "fusion_mlp.1.bias", "fusion_mlp.4.weight", "fusion_mlp.4.bias", "img_projector.0.weight", "img_projector.0.bias", "img_projector.1.weight", "img_projector.1.bias", "img_projector.3.weight", "img_projector.3.bias", "aux_cls_head.weight", "aux_cls_head.bias". 
	Unexpected key(s) in state_dict: "unet", "eeg_enc", "sid", "config". 
