[INFO] Device: cuda  latent diffusion (SD VAE)  epochs=300
[INFO] Subjects: [1, 2, 18]
[INFO] Loading SD VAE...
[INFO] Loading DINO: dinov2_vits14
C:\Users\Biocomputing/.cache/torch/hub\facebookresearch_dinov2_main\dinov2\layers\swiglu_ffn.py:51: UserWarning: xFormers is not available (SwiGLU)
  warnings.warn("xFormers is not available (SwiGLU)")
C:\Users\Biocomputing/.cache/torch/hub\facebookresearch_dinov2_main\dinov2\layers\attention.py:33: UserWarning: xFormers is not available (Attention)
  warnings.warn("xFormers is not available (Attention)")
C:\Users\Biocomputing/.cache/torch/hub\facebookresearch_dinov2_main\dinov2\layers\block.py:40: UserWarning: xFormers is not available (Block)
  warnings.warn("xFormers is not available (Block)")

=======================================================
  Subject 01
  [dataset] SKIP S01 sess9: anomalous n_rep=108 (expected <=20), shape=(108, 3, 9, 4096, 40)
  [dataset] S01  trials=1215  eff_sessions=9
  [dataset] SKIP S01 sess9: anomalous n_rep=108 (expected <=20), shape=(108, 3, 9, 4096, 40)
  [dataset] SKIP S01 sess9: anomalous n_rep=108 (expected <=20), shape=(108, 3, 9, 4096, 40)
  S01  train=972  val=117  test=126
  [SupCon encoder] Loaded checkpoints_vsre_dino/20260530_095045_ch32_merged_ep200_supcon\subj01_best.pt
    Ep    TrLoss   ValLoss
     60  0.03508  0.04572
    120  0.02251  0.03550
    180  0.02001  0.03694
    240  0.02229  0.02743
    300  0.01896  0.02911
  [Done S01]  best_val=0.01456  DINO@1=0.3400  entropy=0.324  dominant=92.0%

=======================================================
  Subject 02
  [dataset] S02  trials=1161  eff_sessions=9
  S02  train=927  val=108  test=126
  [SupCon encoder] Loaded checkpoints_vsre_dino/20260530_095045_ch32_merged_ep200_supcon\subj02_best.pt
    Ep    TrLoss   ValLoss
     60  0.03907  0.04247
    120  0.03065  0.03702
    180  0.02419  0.03220
    240  0.01926  0.02462
    300  0.01795  0.03049
  [Done S02]  best_val=0.01133  DINO@1=0.2600  entropy=0.098  dominant=98.0%

=======================================================
  Subject 18
  [dataset] S18  trials=1080  eff_sessions=8
  S18  train=864  val=108  test=108
  [SupCon encoder] Loaded checkpoints_vsre_dino/20260530_095045_ch32_merged_ep200_supcon\subj18_best.pt
    Ep    TrLoss   ValLoss
     60  0.03918  0.09936
    120  0.02968  0.07554
    180  0.02160  0.11299
    240  0.01642  0.05677
    300  0.01516  0.08004
  [Done S18]  best_val=0.03817  DINO@1=0.2200  entropy=0.822  dominant=80.0%

=======================================================
Summary
   Subj   DINO@1   entropy   dominant
  S01     0.3400     0.324      92.0%
  S02     0.2600     0.098      98.0%
  S18     0.2200     0.822      80.0%
  Mean    0.2733     0.415      90.0%
[INFO] Saved: ./checkpoints_vsre_latent_gen\20260609_154614_ch32_ep300_supcon
