[INFO] Device: cuda  SD1.5 LoRA generator
[INFO] Loading DINO...
C:\Users\Biocomputing/.cache/torch/hub\facebookresearch_dinov2_main\dinov2\layers\swiglu_ffn.py:51: UserWarning: xFormers is not available (SwiGLU)
  warnings.warn("xFormers is not available (SwiGLU)")
C:\Users\Biocomputing/.cache/torch/hub\facebookresearch_dinov2_main\dinov2\layers\attention.py:33: UserWarning: xFormers is not available (Attention)
  warnings.warn("xFormers is not available (Attention)")
C:\Users\Biocomputing/.cache/torch/hub\facebookresearch_dinov2_main\dinov2\layers\block.py:40: UserWarning: xFormers is not available (Block)
  warnings.warn("xFormers is not available (Block)")
[INFO] Loading SD VAE...

=======================================================
  Subject 18
  [dataset] S18  trials=1080  eff_sessions=8
  S18  train=864  val=108  test=108
  Class latents: torch.Size([9, 4, 64, 64])
  [Encoder] Loaded from checkpoints_vsre_latent_gen/20260610_105755_ch32_ep300_supcon_frozen_ca\subj18_best.pt
  [Encoder] Frozen
  Loading SD 1.5 UNet...
trainable params: 3,188,736 || all params: 862,709,700 || trainable%: 0.3696186561945461
    Ep    TrLoss
      1  0.03669
     20  0.01705
     40  0.00784
     60  0.00584
     80  0.00949
  Early stop ep=95 (best=65)
  [Done S18]  DINO@1=0.4464 @3=0.5893 @5=0.6429  entropy=1.952  dominant=28.6%  best_ep=65

Summary:
  S18: DINO@1=0.4464 @3=0.5893 dominant=28.6% entropy=1.952
[INFO] Saved: ./checkpoints_vsre_lora_gen\20260612_010728_lora_r16_ep100
