[INFO] Device: cuda  SD1.5 LoRA generator
[INFO] Loading DINO...
C:\Users\Biocomputing/.cache/torch/hub\facebookresearch_dinov2_main\dinov2\layers\swiglu_ffn.py:51: UserWarning: xFormers is not available (SwiGLU)
  warnings.warn("xFormers is not available (SwiGLU)")
C:\Users\Biocomputing/.cache/torch/hub\facebookresearch_dinov2_main\dinov2\layers\attention.py:33: UserWarning: xFormers is not available (Attention)
  warnings.warn("xFormers is not available (Attention)")
C:\Users\Biocomputing/.cache/torch/hub\facebookresearch_dinov2_main\dinov2\layers\block.py:40: UserWarning: xFormers is not available (Block)
  warnings.warn("xFormers is not available (Block)")
[INFO] Loading SD VAE...

=======================================================
  Subject 01
  [dataset] SKIP S01 sess9: anomalous n_rep=108 (expected <=20), shape=(108, 3, 9, 4096, 40)
  [dataset] S01  trials=1215  eff_sessions=9
  [dataset] SKIP S01 sess9: anomalous n_rep=108 (expected <=20), shape=(108, 3, 9, 4096, 40)
  [dataset] SKIP S01 sess9: anomalous n_rep=108 (expected <=20), shape=(108, 3, 9, 4096, 40)
  S01  train=972  val=117  test=126
  Class latents: torch.Size([9, 4, 64, 64])
  [Encoder] Loaded from checkpoints_vsre_latent_gen/20260610_105755_ch32_ep300_supcon_frozen_ca\subj01_best.pt
  [Encoder] Frozen
  Loading SD 1.5 UNet...
trainable params: 3,188,736 || all params: 862,709,700 || trainable%: 0.3696186561945461
    Ep    TrLoss
      1  0.03528
     20  0.01530
     40  0.00451
     60  0.00629
  Early stop ep=70 (best=40)
  [Done S01]  DINO@1=0.4643 @3=0.5536 @5=0.6250  entropy=1.808  dominant=37.5%  best_ep=40

Summary:
  S01: DINO@1=0.4643 @3=0.5536 dominant=37.5% entropy=1.808
[INFO] Saved: ./checkpoints_vsre_lora_gen\20260611_213303_lora_r16_ep100
