[INFO] Device: cuda  SD1.5 LoRA generator
[INFO] Loading DINO...
C:\Users\Biocomputing/.cache/torch/hub\facebookresearch_dinov2_main\dinov2\layers\swiglu_ffn.py:51: UserWarning: xFormers is not available (SwiGLU)
  warnings.warn("xFormers is not available (SwiGLU)")
C:\Users\Biocomputing/.cache/torch/hub\facebookresearch_dinov2_main\dinov2\layers\attention.py:33: UserWarning: xFormers is not available (Attention)
  warnings.warn("xFormers is not available (Attention)")
C:\Users\Biocomputing/.cache/torch/hub\facebookresearch_dinov2_main\dinov2\layers\block.py:40: UserWarning: xFormers is not available (Block)
  warnings.warn("xFormers is not available (Block)")
[INFO] Loading SD VAE...

=======================================================
  Subject 24
  [dataset] S24  trials=1350  eff_sessions=10
  S24  train=1080  val=135  test=135
  Class latents: torch.Size([9, 4, 64, 64])
  [Encoder] Loaded from checkpoints_vsre_dino/20260604_091352_ch32_merged_ep200_supcon\subj24_best.pt
  [Encoder] Frozen
  Loading SD 1.5 UNet...
trainable params: 3,188,736 || all params: 862,709,700 || trainable%: 0.3696186561945461
    Ep    TrLoss
      1  0.03297
     20  0.01261
     40  0.00860
     60  0.00607
     80  0.00898
    100  0.00670
  [Done S24]  DINO@1=0.4286 @3=0.5357 @5=0.6786  entropy=1.617  dominant=37.5%  best_ep=72

Summary:
  S24: DINO@1=0.4286 @3=0.5357 dominant=37.5% entropy=1.617
[INFO] Saved: ./checkpoints_vsre_lora_gen\20260612_080657_lora_r16_ep100
