C:\Users\Biocomputing/.cache\torch\hub\facebookresearch_dinov2_main\dinov2\layers\swiglu_ffn.py:51: UserWarning: xFormers is not available (SwiGLU)
  warnings.warn("xFormers is not available (SwiGLU)")
C:\Users\Biocomputing/.cache\torch\hub\facebookresearch_dinov2_main\dinov2\layers\attention.py:33: UserWarning: xFormers is not available (Attention)
  warnings.warn("xFormers is not available (Attention)")
C:\Users\Biocomputing/.cache\torch\hub\facebookresearch_dinov2_main\dinov2\layers\block.py:40: UserWarning: xFormers is not available (Block)
  warnings.warn("xFormers is not available (Block)")
[INFO] Device: cuda  n_ch=32  max_sessions=None
[INFO] Subjects (3): [1, 2, 18]
[INFO] Loading DINO for generation eval: dinov2_vits14

=======================================================
  Subject 01  (sessions=8)
  [AntiCollapse] lambda_dino_align=0.1  lambda_aux_ce=0.1
  S01  train=864  val=108  test=108
    Ep    TrLoss   ValLoss
    60   0.44516   0.00894
   120   0.44213   0.00173
   180   0.44098   0.00133
   240   0.44003   0.00055
   300   0.43985   0.00053
C:\Users\Biocomputing\anaconda3\envs\eegdiff\Lib\site-packages\torchvision\models\_utils.py:208: UserWarning: The parameter 'pretrained' is deprecated since 0.13 and may be removed in the future, please use 'weights' instead.
  warnings.warn(
C:\Users\Biocomputing\anaconda3\envs\eegdiff\Lib\site-packages\torchvision\models\_utils.py:223: UserWarning: Arguments other than a weight enum or `None` for 'weights' are deprecated since 0.13 and may be removed in the future. The current behavior is equivalent to passing `weights=VGG16_Weights.IMAGENET1K_V1`. You can also use `weights=VGG16_Weights.DEFAULT` to get the most up-to-date weights.
  warnings.warn(msg)
C:\Users\Biocomputing\anaconda3\envs\eegdiff\Lib\site-packages\lpips\lpips.py:107: FutureWarning: You are using `torch.load` with `weights_only=False` (the current default value), which uses the default pickle module implicitly. It is possible to construct malicious pickle data which will execute arbitrary code during unpickling (See https://github.com/pytorch/pytorch/blob/main/SECURITY.md#untrusted-models for more details). In a future release, the default value for `weights_only` will be flipped to `True`. This limits the functions that could be executed during unpickling. Arbitrary objects will no longer be allowed to be loaded via this mode unless they are explicitly allowlisted by the user via `torch.serialization.add_safe_globals`. We recommend you start setting `weights_only=True` for any use case where you don't have full control of the loaded file. Please open an issue on GitHub for any issues related to this experimental feature.
  self.load_state_dict(torch.load(model_path, map_location='cpu'), strict=False)
Setting up [LPIPS] perceptual loss: trunk [vgg], v[0.1], spatial [off]
Loading model from: C:\Users\Biocomputing\anaconda3\envs\eegdiff\Lib\site-packages\lpips\weights\v0.1\vgg.pth
  [Done S01]  best val loss=0.00044  L1=0.83394  SSIM=0.0473  LPIPS=0.7670  DINO@1=0.1111  entropy=0.000  dominant=100.0%

=======================================================
  Subject 02  (sessions=5)
  [AntiCollapse] lambda_dino_align=0.1  lambda_aux_ce=0.1
  S02  train=540  val=63  test=72
    Ep    TrLoss   ValLoss
    60   0.44983   0.00757
   120   0.44240   0.00221
   180   0.44127   0.00135
   240   0.44031   0.00113
   300   0.44013   0.00085
  [Done S02]  best val loss=0.00068  L1=0.83740  SSIM=0.0345  LPIPS=0.7675  DINO@1=0.1111  entropy=0.000  dominant=100.0%

=======================================================
  Subject 18  (sessions=8)
  [AntiCollapse] lambda_dino_align=0.1  lambda_aux_ce=0.1
  S18  train=864  val=108  test=108
    Ep    TrLoss   ValLoss
    60   0.44444   0.00527
   120   0.44152   0.00224
   180   0.44065   0.00083
   240   0.44008   0.00056
   300   0.43989   0.00053
  [Done S18]  best val loss=0.00044  L1=0.83226  SSIM=0.0520  LPIPS=0.7692  DINO@1=0.1111  entropy=0.066  dominant=97.2%

[INFO] All done. Results: ./checkpoints_vsre_gen\20260517_150805_ch32_merged_ep300
[INFO] CSV: ./checkpoints_vsre_gen\20260517_150805_ch32_merged_ep300\results_gen.csv
