C:\Users\Biocomputing/.cache\torch\hub\facebookresearch_dinov2_main\dinov2\layers\swiglu_ffn.py:51: UserWarning: xFormers is not available (SwiGLU)
  warnings.warn("xFormers is not available (SwiGLU)")
C:\Users\Biocomputing/.cache\torch\hub\facebookresearch_dinov2_main\dinov2\layers\attention.py:33: UserWarning: xFormers is not available (Attention)
  warnings.warn("xFormers is not available (Attention)")
C:\Users\Biocomputing/.cache\torch\hub\facebookresearch_dinov2_main\dinov2\layers\block.py:40: UserWarning: xFormers is not available (Block)
  warnings.warn("xFormers is not available (Block)")
[INFO] Device: cuda  n_ch=32  max_sessions=None
[INFO] Subjects (3): [1, 2, 18]
[INFO] Loading DINO for generation eval: dinov2_vits14

=======================================================
  Subject 01  (sessions=8)
  [AntiCollapse] lambda_dino_align=0.1  lambda_aux_ce=0.1
  S01  train=864  val=108  test=108
    Ep    TrLoss   ValLoss
    60   0.46621   0.00585
   120   0.46145   0.00195
   180   0.45929   0.00101
   240   0.45801   0.00053
   300   0.45748   0.00053
C:\Users\Biocomputing\anaconda3\envs\eegdiff\Lib\site-packages\torchvision\models\_utils.py:208: UserWarning: The parameter 'pretrained' is deprecated since 0.13 and may be removed in the future, please use 'weights' instead.
  warnings.warn(
C:\Users\Biocomputing\anaconda3\envs\eegdiff\Lib\site-packages\torchvision\models\_utils.py:223: UserWarning: Arguments other than a weight enum or `None` for 'weights' are deprecated since 0.13 and may be removed in the future. The current behavior is equivalent to passing `weights=VGG16_Weights.IMAGENET1K_V1`. You can also use `weights=VGG16_Weights.DEFAULT` to get the most up-to-date weights.
  warnings.warn(msg)
C:\Users\Biocomputing\anaconda3\envs\eegdiff\Lib\site-packages\lpips\lpips.py:107: FutureWarning: You are using `torch.load` with `weights_only=False` (the current default value), which uses the default pickle module implicitly. It is possible to construct malicious pickle data which will execute arbitrary code during unpickling (See https://github.com/pytorch/pytorch/blob/main/SECURITY.md#untrusted-models for more details). In a future release, the default value for `weights_only` will be flipped to `True`. This limits the functions that could be executed during unpickling. Arbitrary objects will no longer be allowed to be loaded via this mode unless they are explicitly allowlisted by the user via `torch.serialization.add_safe_globals`. We recommend you start setting `weights_only=True` for any use case where you don't have full control of the loaded file. Please open an issue on GitHub for any issues related to this experimental feature.
  self.load_state_dict(torch.load(model_path, map_location='cpu'), strict=False)
Setting up [LPIPS] perceptual loss: trunk [vgg], v[0.1], spatial [off]
Loading model from: C:\Users\Biocomputing\anaconda3\envs\eegdiff\Lib\site-packages\lpips\weights\v0.1\vgg.pth
  [Done S01]  best val loss=0.00043  L1=0.83259  SSIM=0.0473  LPIPS=0.7665  DINO@1=0.1111  proto_sim=0.0709  entropy=0.000  dominant=100.0%

=======================================================
  Subject 02  (sessions=5)
  [AntiCollapse] lambda_dino_align=0.1  lambda_aux_ce=0.1
  S02  train=927  val=108  test=126
    Ep    TrLoss   ValLoss
    60   0.46516   0.00438
   120   0.46127   0.00130
   180   0.45916   0.00116
   240   0.45795   0.00050
   300   0.45731   0.00044
  [Done S02]  best val loss=0.00041  L1=0.83183  SSIM=0.0487  LPIPS=0.7677  DINO@1=0.1111  proto_sim=0.0582  entropy=0.021  dominant=99.2%

=======================================================
  Subject 18  (sessions=8)
  [AntiCollapse] lambda_dino_align=0.1  lambda_aux_ce=0.1
  S18  train=864  val=108  test=108
    Ep    TrLoss   ValLoss
    60   0.46518   0.00424
   120   0.46161   0.00206
   180   0.45937   0.00088
   240   0.45817   0.00055
   300   0.45752   0.00053
  [Done S18]  best val loss=0.00044  L1=0.83393  SSIM=0.0465  LPIPS=0.7669  DINO@1=0.1111  proto_sim=0.0557  entropy=0.000  dominant=100.0%

[INFO] All done. Results: ./checkpoints_vsre_gen\20260524_145436_ch32_merged_ep300
[INFO] CSV: ./checkpoints_vsre_gen\20260524_145436_ch32_merged_ep300\results_gen.csv
